<step title="Executing external process" date="2016-01-20T03:45:29.783" instance="a6bc3f" type="process" path="kudu.exe" arguments="D:\home\site C:\Program Files (x86)\SiteExtensions\Kudu\51.50108.2013\msbuild" >
  <step title="Cleanup Xml Logs" date="2016-01-20T03:45:29.798" /><!-- duration: 20ms -->
  <step title="DeploymentManager.Deploy(id)" date="2016-01-20T03:45:29.955" >
    <step title="Collecting changeset information" date="2016-01-20T03:45:29.974" /><!-- duration: 90ms -->
    <step title="Updating to specific changeset" date="2016-01-20T03:45:30.065" /><!-- duration: 23637ms -->
    <step title="Updating submodules" date="2016-01-20T03:45:53.701" /><!-- duration: 82ms -->
    <step title="Determining deployment builder" date="2016-01-20T03:45:53.861" >
      <step title="Builder is NodeSiteBuilder" date="2016-01-20T03:45:54.556" /><!-- duration: 0ms -->
    </step><!-- duration: 695ms -->
    <step title="Copying SSH keys" date="2016-01-20T03:45:54.590" /><!-- duration: 0ms -->
    <step title="Building" date="2016-01-20T03:45:54.590" >
      <step title="Generating deployment script" date="2016-01-20T03:45:54.625" >
        <step title="Using cached version of the deployment script for command: -y --no-dot-deployment -r &quot;D:\home\site\repository&quot; -o &quot;D:\home\site\deployments\tools&quot; --node --sitePath &quot;D:\home\site\repository&quot;" date="2016-01-20T03:45:54.656" /><!-- duration: 16ms -->
      </step><!-- duration: 47ms -->
      <step title="Executing external process" date="2016-01-20T03:45:54.737" type="process" path="starter.cmd" arguments="&quot;D:\home\site\deployments\tools\deploy.cmd&quot;" >
        <step title="Process dump" date="2016-01-20T03:46:15.371" exitCode="255" type="processOutput" /><!-- duration: 15ms -->
      </step><!-- duration: 20650ms -->
      <step title="Error occurred" date="2016-01-20T03:46:15.386" type="error" text="npm ERR! Windows_NT 6.2.9200
npm ERR! argv &quot;D:\\Program Files (x86)\\nodejs\\4.1.2\\node.exe&quot; &quot;D:\\Program Files (x86)\\npm\\3.3.6\\node_modules\\npm\\bin\\npm-cli.js&quot; &quot;install&quot; &quot;--production&quot;
npm ERR! node v4.1.2
npm ERR! npm  v3.3.6

npm ERR! Cannot read property &apos;localeCompare&apos; of undefined
npm ERR! 
npm ERR! If you need help, you may report this error at:
npm ERR!     &lt;https://github.com/npm/npm/issues&gt;

npm ERR! Please include the following file with any support request:
npm ERR!     D:\home\site\wwwroot\npm-debug.log
c:\Program Files (x86)\SiteExtensions\Kudu\51.50108.2013\bin\scripts\starter.cmd &quot;D:\home\site\deployments\tools\deploy.cmd&quot;" stackTrace="   at Kudu.Core.Infrastructure.Executable.ExecuteInternal(ITracer tracer, Func`2 onWriteOutput, Func`2 onWriteError, Encoding encoding, String arguments, Object[] args)
   at Kudu.Core.Infrastructure.Executable.ExecuteWithProgressWriter(ILogger logger, ITracer tracer, String arguments, Object[] args)
   at Kudu.Core.Deployment.Generator.ExternalCommandBuilder.RunCommand(DeploymentContext context, String command, String message)" /><!-- duration: 0ms -->
    </step><!-- duration: 20997ms -->
    <step title="Error occurred" date="2016-01-20T03:46:15.612" type="error" text="npm ERR! Windows_NT 6.2.9200
npm ERR! argv &quot;D:\\Program Files (x86)\\nodejs\\4.1.2\\node.exe&quot; &quot;D:\\Program Files (x86)\\npm\\3.3.6\\node_modules\\npm\\bin\\npm-cli.js&quot; &quot;install&quot; &quot;--production&quot;
npm ERR! node v4.1.2
npm ERR! npm  v3.3.6

npm ERR! Cannot read property &apos;localeCompare&apos; of undefined
npm ERR! 
npm ERR! If you need help, you may report this error at:
npm ERR!     &lt;https://github.com/npm/npm/issues&gt;

npm ERR! Please include the following file with any support request:
npm ERR!     D:\home\site\wwwroot\npm-debug.log
c:\Program Files (x86)\SiteExtensions\Kudu\51.50108.2013\bin\scripts\starter.cmd &quot;D:\home\site\deployments\tools\deploy.cmd&quot;" stackTrace="   at Kudu.Core.Infrastructure.Executable.ExecuteInternal(ITracer tracer, Func`2 onWriteOutput, Func`2 onWriteError, Encoding encoding, String arguments, Object[] args)
   at Kudu.Core.Infrastructure.Executable.ExecuteWithProgressWriter(ILogger logger, ITracer tracer, String arguments, Object[] args)
   at Kudu.Core.Deployment.Generator.ExternalCommandBuilder.RunCommand(DeploymentContext context, String command, String message)
   at Kudu.Core.Deployment.Generator.GeneratorSiteBuilder.Build(DeploymentContext context)
--- End of stack trace from previous location where exception was thrown ---
   at System.Runtime.CompilerServices.TaskAwaiter.ThrowForNonSuccess(Task task)
   at System.Runtime.CompilerServices.TaskAwaiter.HandleNonSuccessAndDebuggerNotification(Task task)
   at System.Runtime.CompilerServices.TaskAwaiter.ValidateEnd(Task task)
   at Kudu.Core.Deployment.DeploymentManager.&lt;Build&gt;d__29.MoveNext()" /><!-- duration: 0ms -->
  </step><!-- duration: 45658ms -->
  <step title="Cleaning up temp files" date="2016-01-20T03:46:15.612" /><!-- duration: 63ms -->
  <step title="WebHooksManager.PublishEventAsync: PostDeployment" date="2016-01-20T03:46:15.695" /><!-- duration: 356ms -->
</step><!-- duration: 46396ms -->
